Build started 3/6/2017 9:20:12 PM.
     1>Project "c:\Users\ryan chen\documents\visual studio 2010\Projects\GUIApp_RandomNumber\GUIApp_RandomNumber\GUIApp_RandomNumber.vcxproj" on node 2 (build target(s)).
     1>PrepareForBuild:
         Creating directory "c:\users\ryan chen\documents\visual studio 2010\Projects\GUIApp_RandomNumber\Release\".
       InitializeBuildStatus:
         Creating "Release\GUIApp_RandomNumber.unsuccessfulbuild" because "AlwaysCreate" was specified.
       GenerateTargetFrameworkMonikerAttribute:
       Skipping target "GenerateTargetFrameworkMonikerAttribute" because all output files are up-to-date with respect to the input files.
       ClCompile:
         c:\Program Files (x86)\Microsoft Visual Studio 10.0\VC\bin\CL.exe /c /AI"C:\Program Files (x86)\Reference Assemblies\Microsoft\Framework\.NETFramework\v4.0" /Zi /clr /nologo /W3 /WX- /O2 /Oy- /D WIN32 /D NDEBUG /D _UNICODE /D UNICODE /EHa /MD /GS /fp:precise /Zc:wchar_t /Zc:forScope /Fo"Release\\" /Fd"Release\vc100.pdb" /TP /FU"C:\Program Files (x86)\Reference Assemblies\Microsoft\Framework\.NETFramework\v4.0\System.Core.dll" /FU"C:\Program Files (x86)\Reference Assemblies\Microsoft\Framework\.NETFramework\v4.0\System.Data.dll" /FU"C:\Program Files (x86)\Reference Assemblies\Microsoft\Framework\.NETFramework\v4.0\System.dll" /FU"C:\Program Files (x86)\Reference Assemblies\Microsoft\Framework\.NETFramework\v4.0\System.Drawing.dll" /FU"C:\Program Files (x86)\Reference Assemblies\Microsoft\Framework\.NETFramework\v4.0\System.Windows.Forms.dll" /FU"C:\Program Files (x86)\Reference Assemblies\Microsoft\Framework\.NETFramework\v4.0\System.Xml.dll" /analyze- /errorReport:prompt MyForm.cpp /clr:nostdlib 
         MyForm.cpp
         c:\Program Files (x86)\Microsoft Visual Studio 10.0\VC\bin\CL.exe /c /Zi /clr /nologo /W3 /WX- /O2 /Oy- /D WIN32 /D NDEBUG /D _UNICODE /D UNICODE /EHa /MD /GS /fp:precise /Zc:wchar_t /Zc:forScope /Fo"Release\\" /Fd"Release\vc100.pdb" /TP /analyze- /errorReport:prompt "C:\Users\Ryan Chen\AppData\Local\Temp\.NETFramework,Version=v4.0.AssemblyAttributes.cpp"
         .NETFramework,Version=v4.0.AssemblyAttributes.cpp
       CoreResGen:
         "C:\Program Files (x86)\Microsoft SDKs\Windows\v7.0A\bin\NETFX 4.0 Tools\resgen.exe" /useSourcePath /r:"C:\Program Files (x86)\Reference Assemblies\Microsoft\Framework\.NETFramework\v4.0\System.Core.dll" /r:"C:\Program Files (x86)\Reference Assemblies\Microsoft\Framework\.NETFramework\v4.0\System.Data.dll" /r:"C:\Program Files (x86)\Reference Assemblies\Microsoft\Framework\.NETFramework\v4.0\System.dll" /r:"C:\Program Files (x86)\Reference Assemblies\Microsoft\Framework\.NETFramework\v4.0\System.Drawing.dll" /r:"C:\Program Files (x86)\Reference Assemblies\Microsoft\Framework\.NETFramework\v4.0\System.Windows.Forms.dll" /r:"C:\Program Files (x86)\Reference Assemblies\Microsoft\Framework\.NETFramework\v4.0\System.Xml.dll" /compile MyForm.resx,Release\GUIApp_RandomNumber.MyForm.resources
         Processing resource file "MyForm.resx" into "Release\GUIApp_RandomNumber.MyForm.resources".
       Link:
         c:\Program Files (x86)\Microsoft Visual Studio 10.0\VC\bin\link.exe /ERRORREPORT:PROMPT /OUT:"c:\users\ryan chen\documents\visual studio 2010\Projects\GUIApp_RandomNumber\Release\GUIApp_RandomNumber.exe" /INCREMENTAL:NO /NOLOGO /ASSEMBLYRESOURCE:Release\GUIApp_RandomNumber.MyForm.resources /MANIFEST /ManifestFile:"Release\GUIApp_RandomNumber.exe.intermediate.manifest" /MANIFESTUAC:"level='asInvoker' uiAccess='false'" /DEBUG /PDB:"c:\users\ryan chen\documents\visual studio 2010\Projects\GUIApp_RandomNumber\Release\GUIApp_RandomNumber.pdb" /SUBSYSTEM:WINDOWS /TLBID:1 /ENTRY:"Main" /DYNAMICBASE /FIXED:NO /NXCOMPAT /MACHINE:X86 Release\MyForm.obj
         "Release\.NETFramework,Version=v4.0.AssemblyAttributes.obj"
         GUIApp_RandomNumber.vcxproj -> c:\users\ryan chen\documents\visual studio 2010\Projects\GUIApp_RandomNumber\Release\GUIApp_RandomNumber.exe
       Manifest:
         C:\Program Files (x86)\Microsoft SDKs\Windows\v7.0A\bin\mt.exe /nologo /verbose /outputresource:"c:\users\ryan chen\documents\visual studio 2010\Projects\GUIApp_RandomNumber\Release\GUIApp_RandomNumber.exe;#1" /manifest Release\GUIApp_RandomNumber.exe.intermediate.manifest
       FinalizeBuildStatus:
         Deleting file "Release\GUIApp_RandomNumber.unsuccessfulbuild".
         Touching "Release\GUIApp_RandomNumber.lastbuildstate".
     1>Done Building Project "c:\Users\ryan chen\documents\visual studio 2010\Projects\GUIApp_RandomNumber\GUIApp_RandomNumber\GUIApp_RandomNumber.vcxproj" (build target(s)).

Build succeeded.

Time Elapsed 00:00:04.33
